2025-12-15 23:11:57,161 - INFO - === NUEVA EJECUCIÓN DEL SCRIPT ===
2025-12-15 23:11:57,161 - INFO - Iniciando solicitud a la API: https://fake-store-api-2-0.onrender.com/users
2025-12-15 23:11:57,706 - ERROR - Error en la solicitud HTTP: 404 Client Error: Not Found for url: https://fake-store-api-2-0.onrender.com/users
2025-12-15 23:11:57,707 - CRITICAL - Script falló completamente: 404 Client Error: Not Found for url: https://fake-store-api-2-0.onrender.com/users
2025-12-15 23:16:25,838 - INFO - === NUEVA EJECUCIÓN DEL SCRIPT ===
2025-12-15 23:16:25,838 - INFO - Iniciando solicitud a la API: https://jsonplaceholder.typicode.com/users
2025-12-15 23:16:26,059 - INFO - Datos obtenidos exitosamente. Filas: 10
2025-12-15 23:16:26,060 - INFO - Iniciando validación de datos
2025-12-15 23:16:26,065 - INFO - Validación completada exitosamente
2025-12-15 23:16:26,067 - INFO - Datos guardados correctamente: output/users_data_20251215_231626.csv y output/users_data_20251215_231626.json
2025-12-15 23:16:26,068 - INFO - Script finalizado exitosamente
2025-12-15 23:25:40,270 - INFO - === NUEVA EJECUCIÓN DEL SCRIPT ===
2025-12-15 23:25:40,270 - INFO - Iniciando solicitud a la API: https://jsonplaceholder.typicode.com/users
2025-12-15 23:25:40,404 - INFO - Datos obtenidos exitosamente. Filas: 10
2025-12-15 23:25:40,405 - INFO - Iniciando validación de datos
2025-12-15 23:25:40,406 - INFO - Validación completada exitosamente
2025-12-15 23:25:40,407 - INFO - Datos guardados correctamente: output/users_data_20251215_232540.csv y output/users_data_20251215_232540.json
2025-12-15 23:25:40,407 - INFO - Script finalizado exitosamente
2025-12-17 20:29:58,743 - INFO - === NUEVA EJECUCIÓN DEL SCRIPT ===
2025-12-17 20:29:58,743 - INFO - Iniciando solicitud a la API: https://jsonplaceholder.typicode.com/users
2025-12-17 20:29:59,025 - INFO - Datos obtenidos exitosamente. Filas: 10
2025-12-17 20:29:59,027 - INFO - Iniciando validación de datos
2025-12-17 20:29:59,032 - INFO - Validación completada exitosamente
2025-12-17 20:29:59,035 - INFO - Datos guardados correctamente: output/users_data_20251217_202959.csv y output/users_data_20251217_202959.json
2025-12-17 20:29:59,035 - INFO - Script finalizado exitosamente
2025-12-17 20:39:38,682 - INFO - === NUEVA EJECUCIÓN DEL SCRIPT ===
2025-12-17 20:39:38,682 - INFO - Iniciando solicitud a la API: https://jsonplaceholder.typicode.com/posts
2025-12-17 20:39:39,292 - INFO - Datos obtenidos exitosamente. Filas: 100
2025-12-17 20:39:39,294 - INFO - Iniciando validación de datos
2025-12-17 20:39:39,294 - ERROR - Columnas obligatorias faltantes: ['name', 'username', 'email']
2025-12-17 20:39:39,295 - CRITICAL - Script falló completamente: Columnas obligatorias faltantes: ['name', 'username', 'email']
2025-12-17 20:42:40,029 - INFO - === NUEVA EJECUCIÓN DEL SCRIPT ===
2025-12-17 20:42:40,029 - INFO - Iniciando solicitud a la API: https://jsonplaceholder.typicode.com/users
2025-12-17 20:42:40,232 - INFO - Datos obtenidos exitosamente. Filas: 10
2025-12-17 20:42:40,233 - INFO - Iniciando validación de datos
2025-12-17 20:42:40,234 - INFO - Validación completada exitosamente
2025-12-17 20:42:40,235 - INFO - Datos guardados correctamente: output/users_data_20251217_204240.csv y output/users_data_20251217_204240.json
2025-12-17 20:42:40,235 - INFO - Iniciando procesamiento de datos con Pandas
2025-12-17 20:42:40,236 - CRITICAL - Script falló completamente: "['city'] not in index"
2025-12-17 20:44:55,763 - INFO - === NUEVA EJECUCIÓN DEL SCRIPT ===
2025-12-17 20:44:55,763 - INFO - Iniciando solicitud a la API: https://jsonplaceholder.typicode.com/users
2025-12-17 20:44:56,001 - INFO - Datos obtenidos exitosamente. Filas: 10
2025-12-17 20:44:56,003 - INFO - Iniciando validación de datos
2025-12-17 20:44:56,004 - INFO - Validación completada exitosamente
2025-12-17 20:44:56,006 - INFO - Datos guardados correctamente: output/users_data_20251217_204456.csv y output/users_data_20251217_204456.json
2025-12-17 20:44:56,006 - INFO - Iniciando procesamiento de datos con Pandas
2025-12-17 20:44:56,008 - CRITICAL - Script falló completamente: "['city'] not in index"
2025-12-17 20:48:58,493 - INFO - === NUEVA EJECUCIÓN DEL SCRIPT ===
2025-12-17 20:48:58,493 - INFO - Iniciando solicitud a la API: https://jsonplaceholder.typicode.com/users
2025-12-17 20:48:58,662 - INFO - Datos obtenidos exitosamente. Filas: 10
2025-12-17 20:48:58,663 - INFO - Iniciando validación de datos
2025-12-17 20:48:58,665 - INFO - Validación completada exitosamente
2025-12-17 20:48:58,667 - INFO - Datos guardados correctamente: output/users_data_20251217_204858.csv y output/users_data_20251217_204858.json
2025-12-17 20:48:58,667 - INFO - Iniciando procesamiento de datos con Pandas
2025-12-17 20:48:58,670 - INFO - REPORTE DE LIMPIEZA (Mes 2)
- Registros originales: 10
- Registros limpios: 10
- Duplicados/eliminados: 0
- Columnas seleccionadas: id, name, username, email, phone, website
2025-12-17 20:48:58,671 - INFO - Script finalizado exitosamente
